<?xml version="1.0" encoding="UTF-8"?>
<!-- Generated by org.testng.reporters.JUnitXMLReporter -->
<testsuite ignored="9" hostname="KennyMoonlay" failures="0" tests="1" name="Default test" time="44.376" errors="0" timestamp="2024-04-05T22:54:41 WIB">
  <testcase classname="KennyRamadhan.FlipTest.e2eMobile" name="checkoutPositiveFlow" time="29.013"/>
  <testcase classname="KennyRamadhan.FlipTest.e2eMobile" name="addProductsFromDetails" time="0.0">
    <ignored/>
  </testcase> <!-- addProductsFromDetails -->
  <testcase classname="KennyRamadhan.FlipTest.e2eMobile" name="failedLogin" time="0.0">
    <ignored/>
  </testcase> <!-- failedLogin -->
  <testcase classname="KennyRamadhan.FlipTest.e2eMobile" name="sortingPrice" time="0.0">
    <ignored/>
  </testcase> <!-- sortingPrice -->
  <testcase classname="KennyRamadhan.FlipTest.e2eMobile" name="redirectionToProductListing" time="0.0">
    <ignored/>
  </testcase> <!-- redirectionToProductListing -->
  <testcase classname="KennyRamadhan.FlipTest.e2eMobile" name="addMultipleProducts" time="0.0">
    <ignored/>
  </testcase> <!-- addMultipleProducts -->
  <testcase classname="KennyRamadhan.FlipTest.e2eMobile" name="addProductsFromListing" time="0.0">
    <ignored/>
  </testcase> <!-- addProductsFromListing -->
  <testcase classname="KennyRamadhan.FlipTest.e2eMobile" name="verifyDetailsProductIntoCart" time="0.0">
    <ignored/>
  </testcase> <!-- verifyDetailsProductIntoCart -->
  <testcase classname="KennyRamadhan.FlipTest.e2eMobile" name="checkoutNegativeFlow" time="0.0">
    <ignored/>
  </testcase> <!-- checkoutNegativeFlow -->
  <testcase classname="KennyRamadhan.FlipTest.e2eMobile" name="login" time="0.0">
    <ignored/>
  </testcase> <!-- login -->
</testsuite> <!-- Default test -->
