<?xml version="1.0" encoding="UTF-8"?>
<!-- Generated by org.testng.reporters.JUnitXMLReporter -->
<testsuite ignored="0" hostname="KennyMoonlay" failures="0" tests="9" name="Default test" time="273.825" errors="0" timestamp="2024-04-02T00:00:38 WIB">
  <testcase classname="KennyRamadhan.FlipTest.e2eMobile" name="addMultipleProducts" time="6.654"/>
  <testcase classname="KennyRamadhan.FlipTest.e2eMobile" name="addProductsFromDetails" time="10.924"/>
  <testcase classname="KennyRamadhan.FlipTest.e2eMobile" name="addProductsFromListing" time="8.21"/>
  <testcase classname="KennyRamadhan.FlipTest.e2eMobile" name="checkoutPositiveFlow" time="23.153"/>
  <testcase classname="KennyRamadhan.FlipTest.e2eMobile" name="failedLogin" time="5.328"/>
  <testcase classname="KennyRamadhan.FlipTest.e2eMobile" name="login" time="4.739"/>
  <testcase classname="KennyRamadhan.FlipTest.e2eMobile" name="redirectionToProductListing" time="11.791"/>
  <testcase classname="KennyRamadhan.FlipTest.e2eMobile" name="sortingPrice" time="8.919"/>
  <testcase classname="KennyRamadhan.FlipTest.e2eMobile" name="verifyDetailsProductIntoCart" time="13.024"/>
</testsuite> <!-- Default test -->
