<?xml version="1.0" encoding="UTF-8"?>
<!-- Generated by org.testng.reporters.JUnitXMLReporter -->
<testsuite ignored="0" hostname="KennyMoonlay" failures="0" tests="10" name="E2E Mobile" time="304.649" errors="0" timestamp="2024-04-03T11:03:22 WIB">
  <testcase classname="KennyRamadhan.FlipTest.e2eMobile" name="addMultipleProducts" time="8.123"/>
  <testcase classname="KennyRamadhan.FlipTest.e2eMobile" name="addProductsFromDetails" time="13.998"/>
  <testcase classname="KennyRamadhan.FlipTest.e2eMobile" name="addProductsFromListing" time="7.098"/>
  <testcase classname="KennyRamadhan.FlipTest.e2eMobile" name="checkoutNegativeFlow" time="19.281"/>
  <testcase classname="KennyRamadhan.FlipTest.e2eMobile" name="checkoutPositiveFlow" time="25.65"/>
  <testcase classname="KennyRamadhan.FlipTest.e2eMobile" name="failedLogin" time="5.434"/>
  <testcase classname="KennyRamadhan.FlipTest.e2eMobile" name="login" time="5.916"/>
  <testcase classname="KennyRamadhan.FlipTest.e2eMobile" name="redirectionToProductListing" time="12.964"/>
  <testcase classname="KennyRamadhan.FlipTest.e2eMobile" name="sortingPrice" time="8.915"/>
  <testcase classname="KennyRamadhan.FlipTest.e2eMobile" name="verifyDetailsProductIntoCart" time="13.408"/>
</testsuite> <!-- E2E Mobile -->
