<?xml version="1.0" encoding="UTF-8"?>
<!-- Generated by org.testng.reporters.JUnitXMLReporter -->
<testsuite ignored="0" hostname="KennyMoonlay" failures="0" tests="10" name="E2E Mobile" time="265.156" errors="0" timestamp="2024-04-03T06:55:13 WIB">
  <testcase classname="KennyRamadhan.FlipTest.e2eMobile" name="addMultipleProducts" time="8.81"/>
  <testcase classname="KennyRamadhan.FlipTest.e2eMobile" name="addProductsFromDetails" time="15.719"/>
  <testcase classname="KennyRamadhan.FlipTest.e2eMobile" name="addProductsFromListing" time="7.592"/>
  <testcase classname="KennyRamadhan.FlipTest.e2eMobile" name="checkoutNegativeFlow" time="20.417"/>
  <testcase classname="KennyRamadhan.FlipTest.e2eMobile" name="checkoutPositiveFlow" time="28.624"/>
  <testcase classname="KennyRamadhan.FlipTest.e2eMobile" name="failedLogin" time="4.089"/>
  <testcase classname="KennyRamadhan.FlipTest.e2eMobile" name="login" time="6.366"/>
  <testcase classname="KennyRamadhan.FlipTest.e2eMobile" name="redirectionToProductListing" time="14.08"/>
  <testcase classname="KennyRamadhan.FlipTest.e2eMobile" name="sortingPrice" time="9.154"/>
  <testcase classname="KennyRamadhan.FlipTest.e2eMobile" name="verifyDetailsProductIntoCart" time="15.016"/>
</testsuite> <!-- E2E Mobile -->
