<?xml version="1.0" encoding="UTF-8"?>
<testng-results ignored="0" total="10" passed="10" failed="0" skipped="0">
  <reporter-output>
    <line>
      <![CDATA[Success Login]]>
    </line>
    <line>
      <![CDATA[Success Login]]>
    </line>
    <line>
      <![CDATA[Displayed Products : Sauce Labs Backpack]]>
    </line>
    <line>
      <![CDATA[Success Login]]>
    </line>
    <line>
      <![CDATA[Success Login]]>
    </line>
    <line>
      <![CDATA[Negative Flow Success]]>
    </line>
    <line>
      <![CDATA[Success Login]]>
    </line>
    <line>
      <![CDATA[Total Amount Price Without Taxes : 29.99]]>
    </line>
    <line>
      <![CDATA[Total Amount Price Without Taxes : 39.98]]>
    </line>
    <line>
      <![CDATA[Actual Total Amount : 39.98]]>
    </line>
    <line>
      <![CDATA[Order Completed]]>
    </line>
    <line>
      <![CDATA[Failed Login]]>
    </line>
    <line>
      <![CDATA[Success Login]]>
    </line>
    <line>
      <![CDATA[Success Login]]>
    </line>
    <line>
      <![CDATA[Success Back To List Products]]>
    </line>
    <line>
      <![CDATA[Success Login]]>
    </line>
    <line>
      <![CDATA[Price Before Sorting : 29.99]]>
    </line>
    <line>
      <![CDATA[Price Before Sorting : 9.99]]>
    </line>
    <line>
      <![CDATA[Price After Sorting : 7.99]]>
    </line>
    <line>
      <![CDATA[Price After Sorting : 9.99]]>
    </line>
    <line>
      <![CDATA[Success Login]]>
    </line>
    <line>
      <![CDATA[Displayed Products : Sauce Labs Backpack]]>
    </line>
  </reporter-output>
  <suite started-at="2024-04-03T04:11:39 WIB" name="Suite" finished-at="2024-04-03T04:15:02 WIB" duration-ms="202483">
    <groups>
    </groups>
    <test started-at="2024-04-03T04:11:39 WIB" name="E2E Mobile" finished-at="2024-04-03T04:15:02 WIB" duration-ms="202483">
      <class name="KennyRamadhan.FlipTest.e2eMobile">
        <test-method is-config="true" signature="appiumSettings()[pri:0, instance:KennyRamadhan.FlipTest.e2eMobile@2b71e916]" started-at="2024-04-03T04:11:39 WIB" name="appiumSettings" finished-at="2024-04-03T04:11:48 WIB" duration-ms="8383" status="PASS">
          <reporter-output>
          </reporter-output>
        </test-method> <!-- appiumSettings -->
        <test-method signature="addMultipleProducts()[pri:0, instance:KennyRamadhan.FlipTest.e2eMobile@2b71e916]" started-at="2024-04-03T04:11:48 WIB" name="addMultipleProducts" finished-at="2024-04-03T04:11:58 WIB" duration-ms="9966" status="PASS">
          <reporter-output>
            <line>
              <![CDATA[Success Login]]>
            </line>
          </reporter-output>
        </test-method> <!-- addMultipleProducts -->
        <test-method is-config="true" signature="tearDown()[pri:0, instance:KennyRamadhan.FlipTest.e2eMobile@2b71e916]" started-at="2024-04-03T04:11:58 WIB" name="tearDown" finished-at="2024-04-03T04:11:58 WIB" duration-ms="655" status="PASS">
          <reporter-output>
          </reporter-output>
        </test-method> <!-- tearDown -->
        <test-method is-config="true" signature="appiumSettings()[pri:0, instance:KennyRamadhan.FlipTest.e2eMobile@2b71e916]" started-at="2024-04-03T04:11:58 WIB" name="appiumSettings" finished-at="2024-04-03T04:12:05 WIB" duration-ms="7084" status="PASS">
          <reporter-output>
          </reporter-output>
        </test-method> <!-- appiumSettings -->
        <test-method signature="addProductsFromDetails()[pri:0, instance:KennyRamadhan.FlipTest.e2eMobile@2b71e916]" started-at="2024-04-03T04:12:05 WIB" name="addProductsFromDetails" finished-at="2024-04-03T04:12:19 WIB" duration-ms="13799" status="PASS">
          <reporter-output>
            <line>
              <![CDATA[Success Login]]>
            </line>
            <line>
              <![CDATA[Displayed Products : Sauce Labs Backpack]]>
            </line>
          </reporter-output>
        </test-method> <!-- addProductsFromDetails -->
        <test-method is-config="true" signature="tearDown()[pri:0, instance:KennyRamadhan.FlipTest.e2eMobile@2b71e916]" started-at="2024-04-03T04:12:19 WIB" name="tearDown" finished-at="2024-04-03T04:12:20 WIB" duration-ms="632" status="PASS">
          <reporter-output>
          </reporter-output>
        </test-method> <!-- tearDown -->
        <test-method is-config="true" signature="appiumSettings()[pri:0, instance:KennyRamadhan.FlipTest.e2eMobile@2b71e916]" started-at="2024-04-03T04:12:20 WIB" name="appiumSettings" finished-at="2024-04-03T04:12:27 WIB" duration-ms="6867" status="PASS">
          <reporter-output>
          </reporter-output>
        </test-method> <!-- appiumSettings -->
        <test-method signature="addProductsFromListing()[pri:0, instance:KennyRamadhan.FlipTest.e2eMobile@2b71e916]" started-at="2024-04-03T04:12:27 WIB" name="addProductsFromListing" finished-at="2024-04-03T04:12:35 WIB" duration-ms="8200" status="PASS">
          <reporter-output>
            <line>
              <![CDATA[Success Login]]>
            </line>
          </reporter-output>
        </test-method> <!-- addProductsFromListing -->
        <test-method is-config="true" signature="tearDown()[pri:0, instance:KennyRamadhan.FlipTest.e2eMobile@2b71e916]" started-at="2024-04-03T04:12:35 WIB" name="tearDown" finished-at="2024-04-03T04:12:35 WIB" duration-ms="559" status="PASS">
          <reporter-output>
          </reporter-output>
        </test-method> <!-- tearDown -->
        <test-method is-config="true" signature="appiumSettings()[pri:0, instance:KennyRamadhan.FlipTest.e2eMobile@2b71e916]" started-at="2024-04-03T04:12:35 WIB" name="appiumSettings" finished-at="2024-04-03T04:12:42 WIB" duration-ms="6701" status="PASS">
          <reporter-output>
          </reporter-output>
        </test-method> <!-- appiumSettings -->
        <test-method signature="checkoutNegativeFlow()[pri:0, instance:KennyRamadhan.FlipTest.e2eMobile@2b71e916]" started-at="2024-04-03T04:12:42 WIB" name="checkoutNegativeFlow" finished-at="2024-04-03T04:13:02 WIB" duration-ms="19773" status="PASS">
          <reporter-output>
            <line>
              <![CDATA[Success Login]]>
            </line>
            <line>
              <![CDATA[Negative Flow Success]]>
            </line>
          </reporter-output>
        </test-method> <!-- checkoutNegativeFlow -->
        <test-method is-config="true" signature="tearDown()[pri:0, instance:KennyRamadhan.FlipTest.e2eMobile@2b71e916]" started-at="2024-04-03T04:13:02 WIB" name="tearDown" finished-at="2024-04-03T04:13:03 WIB" duration-ms="541" status="PASS">
          <reporter-output>
          </reporter-output>
        </test-method> <!-- tearDown -->
        <test-method is-config="true" signature="appiumSettings()[pri:0, instance:KennyRamadhan.FlipTest.e2eMobile@2b71e916]" started-at="2024-04-03T04:13:03 WIB" name="appiumSettings" finished-at="2024-04-03T04:13:09 WIB" duration-ms="6642" status="PASS">
          <reporter-output>
          </reporter-output>
        </test-method> <!-- appiumSettings -->
        <test-method signature="checkoutPositiveFlow()[pri:0, instance:KennyRamadhan.FlipTest.e2eMobile@2b71e916]" started-at="2024-04-03T04:13:09 WIB" name="checkoutPositiveFlow" finished-at="2024-04-03T04:13:35 WIB" duration-ms="26160" status="PASS">
          <reporter-output>
            <line>
              <![CDATA[Success Login]]>
            </line>
            <line>
              <![CDATA[Total Amount Price Without Taxes : 29.99]]>
            </line>
            <line>
              <![CDATA[Total Amount Price Without Taxes : 39.98]]>
            </line>
            <line>
              <![CDATA[Actual Total Amount : 39.98]]>
            </line>
            <line>
              <![CDATA[Order Completed]]>
            </line>
          </reporter-output>
        </test-method> <!-- checkoutPositiveFlow -->
        <test-method is-config="true" signature="tearDown()[pri:0, instance:KennyRamadhan.FlipTest.e2eMobile@2b71e916]" started-at="2024-04-03T04:13:35 WIB" name="tearDown" finished-at="2024-04-03T04:13:36 WIB" duration-ms="669" status="PASS">
          <reporter-output>
          </reporter-output>
        </test-method> <!-- tearDown -->
        <test-method is-config="true" signature="appiumSettings()[pri:0, instance:KennyRamadhan.FlipTest.e2eMobile@2b71e916]" started-at="2024-04-03T04:13:36 WIB" name="appiumSettings" finished-at="2024-04-03T04:13:43 WIB" duration-ms="6854" status="PASS">
          <reporter-output>
          </reporter-output>
        </test-method> <!-- appiumSettings -->
        <test-method signature="failedLogin()[pri:0, instance:KennyRamadhan.FlipTest.e2eMobile@2b71e916]" started-at="2024-04-03T04:13:43 WIB" name="failedLogin" finished-at="2024-04-03T04:13:48 WIB" duration-ms="5099" status="PASS">
          <reporter-output>
            <line>
              <![CDATA[Failed Login]]>
            </line>
          </reporter-output>
        </test-method> <!-- failedLogin -->
        <test-method is-config="true" signature="tearDown()[pri:0, instance:KennyRamadhan.FlipTest.e2eMobile@2b71e916]" started-at="2024-04-03T04:13:48 WIB" name="tearDown" finished-at="2024-04-03T04:13:48 WIB" duration-ms="527" status="PASS">
          <reporter-output>
          </reporter-output>
        </test-method> <!-- tearDown -->
        <test-method is-config="true" signature="appiumSettings()[pri:0, instance:KennyRamadhan.FlipTest.e2eMobile@2b71e916]" started-at="2024-04-03T04:13:48 WIB" name="appiumSettings" finished-at="2024-04-03T04:13:56 WIB" duration-ms="7576" status="PASS">
          <reporter-output>
          </reporter-output>
        </test-method> <!-- appiumSettings -->
        <test-method signature="login()[pri:0, instance:KennyRamadhan.FlipTest.e2eMobile@2b71e916]" started-at="2024-04-03T04:13:56 WIB" name="login" finished-at="2024-04-03T04:14:02 WIB" duration-ms="6177" status="PASS">
          <reporter-output>
            <line>
              <![CDATA[Success Login]]>
            </line>
          </reporter-output>
        </test-method> <!-- login -->
        <test-method is-config="true" signature="tearDown()[pri:0, instance:KennyRamadhan.FlipTest.e2eMobile@2b71e916]" started-at="2024-04-03T04:14:02 WIB" name="tearDown" finished-at="2024-04-03T04:14:03 WIB" duration-ms="565" status="PASS">
          <reporter-output>
          </reporter-output>
        </test-method> <!-- tearDown -->
        <test-method is-config="true" signature="appiumSettings()[pri:0, instance:KennyRamadhan.FlipTest.e2eMobile@2b71e916]" started-at="2024-04-03T04:14:03 WIB" name="appiumSettings" finished-at="2024-04-03T04:14:10 WIB" duration-ms="6880" status="PASS">
          <reporter-output>
          </reporter-output>
        </test-method> <!-- appiumSettings -->
        <test-method signature="redirectionToProductListing()[pri:0, instance:KennyRamadhan.FlipTest.e2eMobile@2b71e916]" started-at="2024-04-03T04:14:10 WIB" name="redirectionToProductListing" finished-at="2024-04-03T04:14:23 WIB" duration-ms="13553" status="PASS">
          <reporter-output>
            <line>
              <![CDATA[Success Login]]>
            </line>
            <line>
              <![CDATA[Success Back To List Products]]>
            </line>
          </reporter-output>
        </test-method> <!-- redirectionToProductListing -->
        <test-method is-config="true" signature="tearDown()[pri:0, instance:KennyRamadhan.FlipTest.e2eMobile@2b71e916]" started-at="2024-04-03T04:14:23 WIB" name="tearDown" finished-at="2024-04-03T04:14:24 WIB" duration-ms="511" status="PASS">
          <reporter-output>
          </reporter-output>
        </test-method> <!-- tearDown -->
        <test-method is-config="true" signature="appiumSettings()[pri:0, instance:KennyRamadhan.FlipTest.e2eMobile@2b71e916]" started-at="2024-04-03T04:14:24 WIB" name="appiumSettings" finished-at="2024-04-03T04:14:30 WIB" duration-ms="6694" status="PASS">
          <reporter-output>
          </reporter-output>
        </test-method> <!-- appiumSettings -->
        <test-method signature="sortingPrice()[pri:0, instance:KennyRamadhan.FlipTest.e2eMobile@2b71e916]" started-at="2024-04-03T04:14:30 WIB" name="sortingPrice" finished-at="2024-04-03T04:14:40 WIB" duration-ms="9799" status="PASS">
          <reporter-output>
            <line>
              <![CDATA[Success Login]]>
            </line>
            <line>
              <![CDATA[Price Before Sorting : 29.99]]>
            </line>
            <line>
              <![CDATA[Price Before Sorting : 9.99]]>
            </line>
            <line>
              <![CDATA[Price After Sorting : 7.99]]>
            </line>
            <line>
              <![CDATA[Price After Sorting : 9.99]]>
            </line>
          </reporter-output>
        </test-method> <!-- sortingPrice -->
        <test-method is-config="true" signature="tearDown()[pri:0, instance:KennyRamadhan.FlipTest.e2eMobile@2b71e916]" started-at="2024-04-03T04:14:40 WIB" name="tearDown" finished-at="2024-04-03T04:14:41 WIB" duration-ms="618" status="PASS">
          <reporter-output>
          </reporter-output>
        </test-method> <!-- tearDown -->
        <test-method is-config="true" signature="appiumSettings()[pri:0, instance:KennyRamadhan.FlipTest.e2eMobile@2b71e916]" started-at="2024-04-03T04:14:41 WIB" name="appiumSettings" finished-at="2024-04-03T04:14:48 WIB" duration-ms="6806" status="PASS">
          <reporter-output>
          </reporter-output>
        </test-method> <!-- appiumSettings -->
        <test-method signature="verifyDetailsProductIntoCart()[pri:0, instance:KennyRamadhan.FlipTest.e2eMobile@2b71e916]" started-at="2024-04-03T04:14:48 WIB" name="verifyDetailsProductIntoCart" finished-at="2024-04-03T04:15:01 WIB" duration-ms="13632" status="PASS">
          <reporter-output>
            <line>
              <![CDATA[Success Login]]>
            </line>
            <line>
              <![CDATA[Displayed Products : Sauce Labs Backpack]]>
            </line>
          </reporter-output>
        </test-method> <!-- verifyDetailsProductIntoCart -->
        <test-method is-config="true" signature="tearDown()[pri:0, instance:KennyRamadhan.FlipTest.e2eMobile@2b71e916]" started-at="2024-04-03T04:15:01 WIB" name="tearDown" finished-at="2024-04-03T04:15:02 WIB" duration-ms="492" status="PASS">
          <reporter-output>
          </reporter-output>
        </test-method> <!-- tearDown -->
      </class> <!-- KennyRamadhan.FlipTest.e2eMobile -->
    </test> <!-- E2E Mobile -->
  </suite> <!-- Suite -->
</testng-results>
