<?xml version="1.0" encoding="UTF-8"?>
<testng-results ignored="0" total="1" passed="1" failed="0" skipped="0">
  <reporter-output>
    <line>
      <![CDATA[Success Login]]>
    </line>
    <line>
      <![CDATA[Total Amount Price Without Taxes : 29.99]]>
    </line>
    <line>
      <![CDATA[Total Amount Price Without Taxes : 39.98]]>
    </line>
    <line>
      <![CDATA[Actual Total Amount : 39.98]]>
    </line>
    <line>
      <![CDATA[Order Completed]]>
    </line>
  </reporter-output>
  <suite started-at="2024-04-01T05:49:25 WIB" name="Default suite" finished-at="2024-04-01T05:50:01 WIB" duration-ms="35256">
    <groups>
    </groups>
    <test started-at="2024-04-01T05:49:25 WIB" name="Default test" finished-at="2024-04-01T05:50:01 WIB" duration-ms="35256">
      <class name="KennyRamadhan.FlipTest.e2eMobile">
        <test-method is-config="true" signature="appiumSettings()[pri:0, instance:KennyRamadhan.FlipTest.e2eMobile@44c03695]" started-at="2024-04-01T05:49:25 WIB" name="appiumSettings" finished-at="2024-04-01T05:49:37 WIB" duration-ms="11465" status="PASS">
          <reporter-output>
          </reporter-output>
        </test-method> <!-- appiumSettings -->
        <test-method signature="checkoutPositiveFlow()[pri:0, instance:KennyRamadhan.FlipTest.e2eMobile@44c03695]" started-at="2024-04-01T05:49:37 WIB" name="checkoutPositiveFlow" finished-at="2024-04-01T05:50:00 WIB" duration-ms="23379" status="PASS">
          <reporter-output>
            <line>
              <![CDATA[Success Login]]>
            </line>
            <line>
              <![CDATA[Total Amount Price Without Taxes : 29.99]]>
            </line>
            <line>
              <![CDATA[Total Amount Price Without Taxes : 39.98]]>
            </line>
            <line>
              <![CDATA[Actual Total Amount : 39.98]]>
            </line>
            <line>
              <![CDATA[Order Completed]]>
            </line>
          </reporter-output>
        </test-method> <!-- checkoutPositiveFlow -->
        <test-method is-config="true" signature="tearDown()[pri:0, instance:KennyRamadhan.FlipTest.e2eMobile@44c03695]" started-at="2024-04-01T05:50:00 WIB" name="tearDown" finished-at="2024-04-01T05:50:01 WIB" duration-ms="356" status="PASS">
          <reporter-output>
          </reporter-output>
        </test-method> <!-- tearDown -->
      </class> <!-- KennyRamadhan.FlipTest.e2eMobile -->
    </test> <!-- Default test -->
  </suite> <!-- Default suite -->
</testng-results>
