<?xml version="1.0" encoding="UTF-8"?>
<!-- Generated by org.testng.reporters.JUnitReportReporter -->
<testsuite hostname="cmp2024014" failures="0" tests="10" name="TestNG.Mobile.e2eMobile" time="142.871" errors="0" timestamp="2025-09-15T09:11:36 WIB" skipped="0">
  <testcase classname="TestNG.Mobile.e2eMobile" name="login" time="7.943"/>
  <testcase classname="TestNG.Mobile.e2eMobile" name="failedLogin" time="7.250"/>
  <testcase classname="TestNG.Mobile.e2eMobile" name="sortingPrice" time="10.670"/>
  <testcase classname="TestNG.Mobile.e2eMobile" name="addAllProductsFromListing" time="32.772"/>
  <testcase classname="TestNG.Mobile.e2eMobile" name="addProductsFromDetails" time="13.723"/>
  <testcase classname="TestNG.Mobile.e2eMobile" name="addMultipleProducts" time="9.076"/>
  <testcase classname="TestNG.Mobile.e2eMobile" name="redirectionToProductListing" time="11.336"/>
  <testcase classname="TestNG.Mobile.e2eMobile" name="verifyDetailsProductIntoCart" time="13.165"/>
  <testcase classname="TestNG.Mobile.e2eMobile" name="checkoutPositiveFlow" time="18.612">
    <system-out>
      <![CDATA[✅ Total Amount Price Without Taxes: 39.98]]>
    </system-out>
  </testcase> <!-- checkoutPositiveFlow -->
  <testcase classname="TestNG.Mobile.e2eMobile" name="checkoutNegativeFlow" time="18.324"/>
  <system-out>
    <![CDATA[✅ Total Amount Price Without Taxes: 39.98]]>
  </system-out>
</testsuite> <!-- TestNG.Mobile.e2eMobile -->
